app/proguard/mapping.txt
com.brewbrew.BuildConfig -> com.brewbrew.BuildConfig:
    boolean DEBUG -> DEBUG
    java.lang.String APPLICATION_ID -> APPLICATION_ID
    java.lang.String BUILD_TYPE -> BUILD_TYPE
    java.lang.String FLAVOR -> FLAVOR
    int VERSION_CODE -> VERSION_CODE
    java.lang.String VERSION_NAME -> VERSION_NAME
com.brewbrew.Manifest -> com.brewbrew.Manifest:
com.brewbrew.Manifest$permission -> com.brewbrew.Manifest$permission:
    java.lang.String C2D_MESSAGE -> C2D_MESSAGE
com.brewbrew.R -> com.brewbrew.R:
com.brewbrew.R$anim -> com.brewbrew.R$anim:
    int abc_fade_in -> abc_fade_in
    int abc_fade_out -> abc_fade_out
    int abc_slide_in_bottom -> abc_slide_in_bottom
    int abc_slide_in_top -> abc_slide_in_top
    int abc_slide_out_bottom -> abc_slide_out_bottom
    int abc_slide_out_top -> abc_slide_out_top
    int dialog_main_hide_amination -> dialog_main_hide_amination
    int dialog_main_show_amination -> dialog_main_show_amination
    int dialog_root_hide_amin -> dialog_root_hide_amin
    int dialog_root_show_amin -> dialog_root_show_amin
    int error_frame_in -> error_frame_in
    int error_x_in -> error_x_in
    int modal_in -> modal_in
    int modal_out -> modal_out
    int progress_indeterminate_animation -> progress_indeterminate_animation
    int success_bow_roate -> success_bow_roate
    int success_mask_layout -> success_mask_layout
com.brewbrew.R$attr -> com.brewbrew.R$attr:
    int actionBarDivider -> actionBarDivider
    int actionBarItemBackground -> actionBarItemBackground
    int actionBarPopupTheme -> actionBarPopupTheme
    int actionBarSize -> actionBarSize
    int actionBarSplitStyle -> actionBarSplitStyle
    int actionBarStyle -> actionBarStyle
    int actionBarTabBarStyle -> actionBarTabBarStyle
    int actionBarTabStyle -> actionBarTabStyle
    int actionBarTabTextStyle -> actionBarTabTextStyle
    int actionBarTheme -> actionBarTheme
    int actionBarWidgetTheme -> actionBarWidgetTheme
    int actionButtonStyle -> actionButtonStyle
    int actionDropDownStyle -> actionDropDownStyle
    int actionLayout -> actionLayout
    int actionMenuTextAppearance -> actionMenuTextAppearance
    int actionMenuTextColor -> actionMenuTextColor
    int actionModeBackground -> actionModeBackground
    int actionModeCloseButtonStyle -> actionModeCloseButtonStyle
    int actionModeCloseDrawable -> actionModeCloseDrawable
    int actionModeCopyDrawable -> actionModeCopyDrawable
    int actionModeCutDrawable -> actionModeCutDrawable
    int actionModeFindDrawable -> actionModeFindDrawable
    int actionModePasteDrawable -> actionModePasteDrawable
    int actionModePopupWindowStyle -> actionModePopupWindowStyle
    int actionModeSelectAllDrawable -> actionModeSelectAllDrawable
    int actionModeShareDrawable -> actionModeShareDrawable
    int actionModeSplitBackground -> actionModeSplitBackground
com.brewbrew.R$bool -> com.brewbrew.R$bool:
    int abc_action_bar_embed_tabs -> abc_action_bar_embed_tabs
    int abc_action_bar_embed_tabs_pre_jb -> abc_action_bar_embed_tabs_pre_jb
    int abc_action_bar_expanded_action_views_exclusive -> abc_action_bar_expanded_action_views_exclusive
    int abc_config_actionMenuItemAllCaps -> abc_config_actionMenuItemAllCaps
    int abc_config_allowActionMenuItemTextWithIcon -> abc_config_allowActionMenuItemTextWithIcon
    int abc_config_showMenuShortcutsWhenKeyboardPresent -> abc_config_showMenuShortcutsWhenKeyboardPresent
...
com.google.android.gms.maps.internal.IStreetViewPanoramaFragmentDelegate$a -> com.google.android.gms.maps.internal.IStreetViewPanoramaFragmentDelegate$a:
    com.google.android.gms.maps.internal.IStreetViewPanoramaFragmentDelegate bs(android.os.IBinder) -> bs
    boolean onTransact(int,android.os.Parcel,android.os.Parcel,int) -> onTransact
com.google.android.gms.maps.internal.IStreetViewPanoramaFragmentDelegate$a$a -> com.google.android.gms.maps.internal.IStreetViewPanoramaFragmentDelegate$a$a:
    android.os.IBinder le -> le
    android.os.IBinder asBinder() -> asBinder
    com.google.android.gms.maps.internal.IStreetViewPanoramaDelegate getStreetViewPanorama() -> getStreetViewPanorama
    void onInflate(com.google.android.gms.dynamic.d,com.google.android.gms.maps.StreetViewPanoramaOptions,android.os.Bundle) -> onInflate
    void onCreate(android.os.Bundle) -> onCreate
    com.google.android.gms.dynamic.d onCreateView(com.google.android.gms.dynamic.d,com.google.android.gms.dynamic.d,android.os.Bundle) -> onCreateView
    void onResume() -> onResume
    void onPause() -> onPause
    void onDestroyView() -> onDestroyView
    void onDestroy() -> onDestroy
    void onLowMemory() -> onLowMemory
    void onSaveInstanceState(android.os.Bundle) -> onSaveInstanceState
    boolean isReady() -> isReady
    void getStreetViewPanoramaAsync(com.google.android.gms.maps.internal.u) -> getStreetViewPanoramaAsync
com.google.android.gms.maps.internal.IStreetViewPanoramaViewDelegate -> com.google.android.gms.maps.internal.IStreetViewPanoramaViewDelegate:
    com.google.android.gms.maps.internal.IStreetViewPanoramaDelegate getStreetViewPanorama() -> getStreetViewPanorama
    void onCreate(android.os.Bundle) -> onCreate
    void onResume() -> onResume
    void onPause() -> onPause
    void onDestroy() -> onDestroy
    void onLowMemory() -> onLowMemory
    void onSaveInstanceState(android.os.Bundle) -> onSaveInstanceState
    com.google.android.gms.dynamic.d getView() -> getView
    void getStreetViewPanoramaAsync(com.google.android.gms.maps.internal.u) -> getStreetViewPanoramaAsync
com.google.android.gms.maps.internal.IStreetViewPanoramaViewDelegate$a -> com.google.android.gms.maps.internal.IStreetViewPanoramaViewDelegate$a:
    com.google.android.gms.maps.internal.IStreetViewPanoramaViewDelegate bt(android.os.IBinder) -> bt
    boolean onTransact(int,android.os.Parcel,android.os.Parcel,int) -> onTransact
com.google.android.gms.maps.internal.IStreetViewPanoramaViewDelegate$a$a -> com.google.android.gms.maps.internal.IStreetViewPanoramaViewDelegate$a$a:
    android.os.IBinder le -> le
    android.os.IBinder asBinder() -> asBinder
    com.google.android.gms.maps.internal.IStreetViewPanoramaDelegate getStreetViewPanorama() -> getStreetViewPanorama
    void onCreate(android.os.Bundle) -> onCreate
    void onResume() -> onResume
    void onPause() -> onPause
    void onDestroy() -> onDestroy
    void onLowMemory() -> onLowMemory
    void onSaveInstanceState(android.os.Bundle) -> onSaveInstanceState
    com.google.android.gms.dynamic.d getView() -> getView
    void getStreetViewPanoramaAsync(com.google.android.gms.maps.internal.u) -> getStreetViewPanoramaAsync