app/proguard/unused.txt
com.brewbrew.google.gcm.GcmClient:
    private static final java.lang.String PROPERTY_APP_VERSION
    private static final int PLAY_SERVICES_RESOLUTION_REQUEST
com.brewbrew.google.gcm.GcmIntentService:
    android.support.v4.app.NotificationCompat$Builder builder
    private com.tws.common.lib.soulbrownlib.SoundManager mSoundManager
    private android.os.Vibrator mVib
    201:201:private void initExtraAlarm()
com.brewbrew.google.geofence.GeofenceClient:
    private boolean mGeofencesAdded
    private android.content.SharedPreferences mSharedPreferences
com.brewbrew.google.geofence.GeofenceTransitionsIntentService:
    162:171:private java.lang.String getGeofenceTransitionDetails(android.content.Context,int,java.util.List)
    181:219:private void sendNotification(java.lang.String)
    229:235:private java.lang.String getTransitionString(int)
com.brewbrew.listview.adapter.BaseView:
    private static final java.lang.String TAG
com.brewbrew.listview.adapter.OrderListAdapter:
    267:294:private com.brewbrew.network.data.ReceiptInfoRow getSumPrice(java.util.ArrayList)
com.brewbrew.listview.adapter.StickyListAdapter:
    157:185:private com.brewbrew.network.data.ReceiptInfoRow getSumPrice(java.util.ArrayList)
com.brewbrew.network.lib.ApiAgent:
    private static final java.lang.String TAG
    private static final java.lang.String URL_DOMAIN
    private static final java.lang.String URL_PUBLICKEY
    private static final java.lang.String URL_SETUSERLOC
    private static final java.lang.String URL_USER_CHECKER
    private static final java.lang.String URL_ORDER_MENU
    private static final java.lang.String URL_ORDER_LIST
    private static final java.lang.String URL_PUSHKEY_USER
    private static final java.lang.String URL_PUSHKEY_OWNER
    private static final java.lang.String URL_STATUS_ORDER_MENU
    private static final java.lang.String URL_COMMON_CHECKER
    private static final java.lang.String URL_USER_REG_UESERKEY
    private static final java.lang.String URL_USER_GET_MENULIST
    private static final java.lang.String URL_USER_ORDER_MENU
    private static final java.lang.String URL_USER_GET_ORDERLIST
    private static final java.lang.String URL_USER_SET_USERLOC
    private static final java.lang.String URL_USER_CHG_ORDERSTATUS
    private static final java.lang.String URL_USER_LOGOUT
    private static final java.lang.String URL_STORE_GET_STATUS
    private static final java.lang.String URL_STORE_SET_STOREON
    private static final java.lang.String URL_STORE_GET_ORDERLIST
    private static final java.lang.String URL_STORE_CHG_ORDERSTATUS
    private static final java.lang.String URL_STORE_LOGOUT
    private static final java.lang.String URL_STORE_REG_MENU_EVENT
com.brewbrew.views.NavigationDrawerFragment:
    private static final java.lang.String STATE_SELECTED_POSITION
    private boolean mFromSavedInstanceState
com.brewbrew.views.own.OwnerAllOrderListFragment:
    150:176:private com.brewbrew.network.data.ReceiptInfoRow getSumPrice(java.util.ArrayList)
    330:351:private java.lang.String getArriveTime(java.lang.String)
com.brewbrew.views.own.OwnerOrderListFragment:
    private com.tws.common.lib.soulbrownlib.OrderDialog orderDialog
    493:572:private void showDialog(java.lang.String,java.util.List)
    58:58:static synthetic com.tws.common.lib.soulbrownlib.OrderDialog access$500(com.brewbrew.views.own.OwnerOrderListFragment)
com.brewbrew.views.own.OwnerOrderListFragment$10
com.brewbrew.views.own.OwnerOrderListFragment$9
com.brewbrew.views.user.UserOrderListFragment:
    358:392:private com.brewbrew.network.data.ReceiptInfoRow getSumPrice(java.util.ArrayList)
com.brewbrew.views.viewpager.ViewPagerAdapter:
    private com.brewbrew.views.viewpager.StoreMenuFragment$CuzOnMoveListener listener
...
android.support.v7.internal.transition.ActionBarTransition:
    private static final boolean TRANSITIONS_ENABLED
    private static final int TRANSITION_DURATION
android.support.v7.internal.view.SupportMenuInflater:
    private static final java.lang.String LOG_TAG
    private static final java.lang.String XML_MENU
    private static final java.lang.String XML_GROUP
    private static final java.lang.String XML_ITEM
    private static final int NO_ID
android.support.v7.internal.view.SupportMenuInflater$MenuState:
    private static final int defaultGroupId
    private static final int defaultItemId
    private static final int defaultItemCategory
    private static final int defaultItemOrder
    private static final int defaultItemCheckable
    private static final boolean defaultItemChecked
    private static final boolean defaultItemVisible
    private static final boolean defaultItemEnabled
android.support.v7.internal.view.menu.ActionMenuItem:
    private static final int NO_ICON
    private static final int CHECKABLE
    private static final int CHECKED
    private static final int EXCLUSIVE
    private static final int HIDDEN
    private static final int ENABLED
android.support.v7.internal.view.menu.ActionMenuItemView:
    private static final java.lang.String TAG
    private static final int MAX_ICON_SIZE
android.support.v7.internal.view.menu.ListMenuItemView:
    private static final java.lang.String TAG
android.support.v7.internal.view.menu.ListMenuPresenter:
    private static final java.lang.String TAG
    157:157:int getItemIndexOffset()
android.support.v7.internal.view.menu.MenuBuilder:
    private static final java.lang.String TAG
    private static final java.lang.String PRESENTER_KEY
    private static final java.lang.String ACTION_VIEW_STATES_KEY
    private static final java.lang.String EXPANDED_ACTION_VIEW_ID
    private android.util.SparseArray mFrozenViewStates
    1297:1298:void setOptionalIconsVisible(boolean)
android.support.v7.internal.view.menu.MenuItemImpl:
    private static final java.lang.String TAG
    private static final int SHOW_AS_ACTION_MASK
    private static final int CHECKABLE
    private static final int CHECKED
    private static final int EXCLUSIVE
    private static final int HIDDEN
    private static final int ENABLED
    private static final int IS_ACTION
    static final int NO_ICON
    228:228:java.lang.Runnable getCallback()
android.support.v7.internal.view.menu.MenuItemWrapperICS:
    static final java.lang.String LOG_TAG
android.support.v7.internal.view.menu.MenuPopupHelper:
    private static final java.lang.String TAG
android.support.v7.internal.widget.AbsActionBarView:
    private static final int FADE_DURATION
android.support.v7.internal.widget.AbsSpinnerCompat:
    private android.graphics.Rect mTouchFrame
    41:56:AbsSpinnerCompat(android.content.Context)
    59:60:AbsSpinnerCompat(android.content.Context,android.util.AttributeSet)
    252:255:public void setSelection(int,boolean)
    273:280:void setSelectionInt(int,boolean)
    325:341:public int pointToPosition(int,int)
android.support.v7.internal.widget.ActionBarContextView:
    private static final java.lang.String TAG
    private static final int ANIMATE_IDLE
    private static final int ANIMATE_IN
    private static final int ANIMATE_OUT
android.support.v7.internal.widget.ActionBarOverlayLayout:
    private static final java.lang.String TAG